Arguments: 
  C:\Program Files\nodejs\node.exe C:\Program Files (x86)\Yarn\bin\yarn.js add browser-sync gulp --dev

PATH: 
  C:\Users\Adrian\Programy\Dev\cmder_mini\bin;C:\Users\Adrian\Programy\Dev\cmder_mini\vendor\bin;C:\Users\Adrian\Programy\Dev\cmder_mini\vendor\conemu-maximus5\ConEmu\Scripts;C:\Users\Adrian\Programy\Dev\cmder_mini\vendor\conemu-maximus5;C:\Users\Adrian\Programy\Dev\cmder_mini\vendor\conemu-maximus5\ConEmu;C:\Program Files\ImageMagick-7.0.8-Q16;C:\Program Files (x86)\Common Files\Oracle\Java\javapath;C:\ProgramData\Oracle\Java\javapath;C:\Program Files (x86)\Intel\iCLS Client\;C:\Program Files\Intel\iCLS Client\;C:\WINDOWS\system32;C:\WINDOWS;C:\WINDOWS\System32\Wbem;C:\WINDOWS\System32\WindowsPowerShell\v1.0\;C:\Program Files (x86)\Common Files\Lenovo;C:\ProgramData\Lenovo\ReadyApps;C:\Program Files (x86)\Intel\UCRT\;C:\Program Files\Intel\UCRT\;C:\Program Files (x86)\Intel\Intel(R) Management Engine Components\DAL;C:\Program Files\Intel\Intel(R) Management Engine Components\DAL;C:\Program Files (x86)\Intel\Intel(R) Management Engine Components\IPT;C:\Program Files\Intel\Intel(R) Management Engine Components\IPT;C:\Program Files (x86)\Lenovo\Access Connections\;C:\WINDOWS\System32\OpenSSH\;C:\Program Files\Java\jdk-10.0.2\bin;C:\Program Files\Microsoft VS Code\bin;C:\ProgramData\ComposerSetup\bin;C:\Program Files (x86)\Brackets\command;C:\Program Files\Git\cmd;C:\Program Files\dotnet\;C:\Program Files\Microsoft SQL Server\130\Tools\Binn\;C:\Program Files\Microsoft SQL Server\Client SDK\ODBC\170\Tools\Binn\;C:\Program Files\nodejs\;C:\Program Files\Intel\WiFi\bin\;C:\Program Files\Common Files\Intel\WirelessCommon\;C:\HashiCorp\Vagrant\bin;C:\Program Files (x86)\Yarn\bin\;C:\Ruby25-x64\bin;C:\xampp\php;C:\Program Files\Intel\WiFi\bin\;C:\Program Files\Common Files\Intel\WirelessCommon\;C:\Users\Adrian\AppData\Roaming\Composer\vendor\bin;C:\Users\Adrian\AppData\Local\GitHubDesktop\bin;C:\Users\Adrian\AppData\Local\atom\bin;C:\Users\Adrian\AppData\Local\Microsoft\WindowsApps;C:\Program Files\heroku\bin;C:\Users\Adrian\.dotnet\tools;C:\Users\Adrian\AppData\Roaming\npm;C:\Users\Adrian\AppData\Local\Yarn\bin;C:\Program Files\Git\cmd;C:\Program Files\Git\mingw64\bin;C:\Program Files\Git\usr\bin;C:\Users\Adrian\Programy\Dev\cmder_mini

Yarn version: 
  1.19.0

Node version: 
  10.16.0

Platform: 
  win32 x64

Trace: 
  Error: EPERM: operation not permitted, unlink 'C:\Users\Adrian\Desktop\gierka\node_modules\node-sass\vendor\win32-x64-64\binding.node'

npm manifest: 
  {
    "name": "testsass",
    "version": "1.0.0",
    "description": "",
    "main": "gulpfile.js",
    "scripts": {
      "test": "echo \"Error: no test specified\" && exit 1"
    },
    "author": "",
    "license": "ISC",
    "devDependencies": {
      "gulp": "^4.0.2",
      "gulp-sass": "^4.0.2"
    }
  }

yarn manifest: 
  No manifest

Lockfile: 
  No lockfile
